<?xml version="1.0" encoding="UTF-8"?>
<!-- Generated by org.testng.reporters.JUnitXMLReporter -->
<testsuite hostname="KULMBW-NWX0052" name="Command line test" tests="3" failures="1" timestamp="30 Apr 2020 17:38:20 GMT" time="34.886" errors="0">
  <testcase name="validateCreateNewContact" time="0.31" classname="com.crm.qa.testcases.ContactsPageTest">
    <failure type="java.lang.NullPointerException">
      <![CDATA[java.lang.NullPointerException
	at com.crm.qa.testcases.ContactsPageTest.validateCreateNewContact(ContactsPageTest.java:33)
... Removed 34 stack frames]]>
    </failure>
  </testcase> <!-- validateCreateNewContact -->
  <testcase name="LoginPageTitleTest" time="0.015" classname="com.crm.qa.testcases.LoginPageTest"/>
  <testcase name="loginTest" time="0.795" classname="com.crm.qa.testcases.LoginPageTest"/>
</testsuite> <!-- Command line test -->
