<?xml version="1.0" encoding="UTF-8" ?>
<testsuite tests="3" failures="1" name="TestSuite" time="1.125" errors="0" skipped="0">
  <properties>
[...]
</properties>
  <testcase classname="com.crm.qa.testcases.ContactsPageTest" name="validateCreateNewContact" time="0.315">
    <failure type="java.lang.NullPointerException">java.lang.NullPointerException
	at com.crm.qa.testcases.ContactsPageTest.validateCreateNewContact(ContactsPageTest.java:33)
</failure>
    <system-out>Configuring TestNG with: org.apache.maven.surefire.testng.conf.TestNG652Configurator@ed17bee
</system-out>
    <system-err>Starting ChromeDriver 81.0.4044.69 (6813546031a4bc83f717a2ef7cd4ac6ec1199132-refs/branch-heads/4044@{#776}) on port 8678
Only local connections are allowed.
Please protect ports used by ChromeDriver and related test frameworks to prevent access by malicious code.
May 01, 2020 1:37:49 AM org.openqa.selenium.remote.ProtocolHandshake createSession
INFO: Detected dialect: W3C
[1588268271.912][SEVERE]: Timed out receiving message from renderer: 0.100
[1588268272.014][SEVERE]: Timed out receiving message from renderer: 0.100
[1588268272.132][SEVERE]: Timed out receiving message from renderer: 0.100
[1588268272.239][SEVERE]: Timed out receiving message from renderer: 0.100
[1588268272.445][SEVERE]: Timed out receiving message from renderer: 0.100
[1588268272.555][SEVERE]: Timed out receiving message from renderer: 0.100
[1588268272.870][SEVERE]: Timed out receiving message from renderer: 0.100
[1588268272.973][SEVERE]: Timed out receiving message from renderer: 0.100
[1588268273.076][SEVERE]: Timed out receiving message from renderer: 0.100
[1588268273.180][SEVERE]: Timed out receiving message from renderer: 0.100
[1588268273.283][SEVERE]: Timed out receiving message from renderer: 0.100
[1588268273.459][SEVERE]: Timed out receiving message from renderer: 0.100
[1588268273.579][SEVERE]: Timed out receiving message from renderer: 0.100
[1588268273.708][SEVERE]: Timed out receiving message from renderer: 0.100
[1588268273.811][SEVERE]: Timed out receiving message from renderer: 0.100
[1588268274.027][SEVERE]: Timed out receiving message from renderer: 0.100
[1588268274.152][SEVERE]: Timed out receiving message from renderer: 0.100
[1588268274.261][SEVERE]: Timed out receiving message from renderer: 0.100
[1588268274.367][SEVERE]: Timed out receiving message from renderer: 0.100
[1588268274.479][SEVERE]: Timed out receiving message from renderer: 0.100
[1588268274.602][SEVERE]: Timed out receiving message from renderer: 0.100
[1588268274.719][SEVERE]: Timed out receiving message from renderer: 0.100
[1588268274.824][SEVERE]: Timed out receiving message from renderer: 0.100
[1588268275.596][SEVERE]: Timed out receiving message from renderer: 0.100
[1588268275.699][SEVERE]: Timed out receiving message from renderer: 0.100
</system-err>
  </testcase>
  <testcase classname="com.crm.qa.testcases.LoginPageTest" name="LoginPageTitleTest" time="0.015"/>
  <testcase classname="com.crm.qa.testcases.LoginPageTest" name="loginTest" time="0.795"/>
</testsuite>