-------------------------------------------------------------------------------
Test set: TestSuite
-------------------------------------------------------------------------------
Tests run: 3, Failures: 1, Errors: 0, Skipped: 0, Time elapsed: 35.633 sec <<< FAILURE!
validateCreateNewContact(com.crm.qa.testcases.ContactsPageTest)  Time elapsed: 0.315 sec  <<< FAILURE!
java.lang.NullPointerException
	at com.crm.qa.testcases.ContactsPageTest.validateCreateNewContact(ContactsPageTest.java:33)

