<?xml version="1.0" encoding="UTF-8"?>
<testng-results skipped="0" failed="0" total="2" passed="2">
  <reporter-output>
  </reporter-output>
  <suite name="Default suite" duration-ms="25363" started-at="2020-05-09T08:50:14Z" finished-at="2020-05-09T08:50:40Z">
    <groups>
    </groups>
    <test name="Default test" duration-ms="25363" started-at="2020-05-09T08:50:14Z" finished-at="2020-05-09T08:50:40Z">
      <class name="com.crm.qa.testcases.LoginPageTest">
        <test-method status="PASS" signature="setUp()[pri:0, instance:com.crm.qa.testcases.LoginPageTest@c818063]" name="setUp" is-config="true" duration-ms="12112" started-at="2020-05-09T16:50:14Z" finished-at="2020-05-09T16:50:26Z">
          <reporter-output>
          </reporter-output>
        </test-method> <!-- setUp -->
        <test-method status="PASS" signature="LoginPageTitleTest()[pri:1, instance:com.crm.qa.testcases.LoginPageTest@c818063]" name="LoginPageTitleTest" duration-ms="31" started-at="2020-05-09T16:50:26Z" finished-at="2020-05-09T16:50:26Z">
          <reporter-output>
          </reporter-output>
        </test-method> <!-- LoginPageTitleTest -->
        <test-method status="PASS" signature="tearDown()[pri:0, instance:com.crm.qa.testcases.LoginPageTest@c818063]" name="tearDown" is-config="true" duration-ms="1358" started-at="2020-05-09T16:50:26Z" finished-at="2020-05-09T16:50:28Z">
          <reporter-output>
          </reporter-output>
        </test-method> <!-- tearDown -->
        <test-method status="PASS" signature="setUp()[pri:0, instance:com.crm.qa.testcases.LoginPageTest@c818063]" name="setUp" is-config="true" duration-ms="9418" started-at="2020-05-09T16:50:28Z" finished-at="2020-05-09T16:50:37Z">
          <reporter-output>
          </reporter-output>
        </test-method> <!-- setUp -->
        <test-method status="PASS" signature="loginTest()[pri:2, instance:com.crm.qa.testcases.LoginPageTest@c818063]" name="loginTest" duration-ms="913" started-at="2020-05-09T16:50:37Z" finished-at="2020-05-09T16:50:38Z">
          <reporter-output>
          </reporter-output>
        </test-method> <!-- loginTest -->
        <test-method status="PASS" signature="tearDown()[pri:0, instance:com.crm.qa.testcases.LoginPageTest@c818063]" name="tearDown" is-config="true" duration-ms="1511" started-at="2020-05-09T16:50:38Z" finished-at="2020-05-09T16:50:40Z">
          <reporter-output>
          </reporter-output>
        </test-method> <!-- tearDown -->
      </class> <!-- com.crm.qa.testcases.LoginPageTest -->
    </test> <!-- Default test -->
  </suite> <!-- Default suite -->
</testng-results>
